Fonctionnalité: Recherche de vols (EP-01) # features/search.feature:2
  En tant que voyageur
  Je veux rechercher des vols disponibles
  Afin de planifier mon voyage avec NouvelAir
  Fonctionnalité: Recherche de vols (EP-01)  # features/search.feature:2

  Scénario: Les aéroports populaires sont affichés sur la page d'accueil  # features/search.feature:14
    Étant donné que la base de données est peuplée                        # features/steps/common_steps.py:20
    Étant donné que la base de données est peuplée                        # features/steps/common_steps.py:20
    Quand j'accède à la page "flights:home"                               # features/steps/search_steps.py:332
    Alors le statut de la réponse est 200                                 # features/steps/search_steps.py:382
    Et je vois au moins 3 aéroports populaires                            # features/steps/search_steps.py:494

  Scénario: Le formulaire de recherche contient tous les champs nécessaires  # features/search.feature:20
    Étant donné que la base de données est peuplée                           # features/steps/common_steps.py:20
    Étant donné que la base de données est peuplée                           # features/steps/common_steps.py:20
    Quand j'accède à la page "flights:home"                                  # features/steps/search_steps.py:332
    Alors le statut de la réponse est 200                                    # features/steps/search_steps.py:382
    Et le formulaire de recherche contient le champ "origin"                 # features/steps/search_steps.py:507
    Et le formulaire de recherche contient le champ "destination"            # features/steps/search_steps.py:507
    Et le formulaire de recherche contient le champ "departure_date"         # features/steps/search_steps.py:507
    Et le formulaire de recherche contient le champ "passengers"             # features/steps/search_steps.py:507
    Et le formulaire de recherche contient le champ "travel_class"           # features/steps/search_steps.py:507
    Et le formulaire de recherche contient le champ "trip_type"              # features/steps/search_steps.py:507

